<?xml version="1.0" encoding="UTF-8"?>
<!-- Generated by org.testng.reporters.JUnitReportReporter -->
<testsuite hostname="HDC3-L-6012P1F" name="SauceLabsTests.SauceLabTests.GoogleSearch" tests="1" failures="0" timestamp="4 Jan 2018 13:45:30 GMT" time="121.197" errors="0">
  <testcase name="searchGoogle" time="121.197" classname="SauceLabsTests.SauceLabTests.GoogleSearch"/>
</testsuite> <!-- SauceLabsTests.SauceLabTests.GoogleSearch -->
