<?xml version="1.0" encoding="UTF-8"?>
<!-- Generated by org.testng.reporters.JUnitReportReporter -->
<testsuite hostname="L-NDE1GJG1N2" name="SauceLabsTests.SauceLabTests.GoogleSearch" tests="2" failures="0" timestamp="3 Jul 2018 14:49:46 GMT" time="62.661" errors="0">
  <testcase name="searchGoogle" time="24.487" classname="SauceLabsTests.SauceLabTests.GoogleSearch"/>
  <testcase name="changeSearchCriterion" time="38.174" classname="SauceLabsTests.SauceLabTests.GoogleSearch"/>
</testsuite> <!-- SauceLabsTests.SauceLabTests.GoogleSearch -->
