<?xml version="1.0" encoding="UTF-8"?>
<!-- Generated by org.testng.reporters.JUnitReportReporter -->
<testsuite hostname="L-NDE1GJG1N2" name="SauceLabsTests.SauceLabTests.GoogleSearch" tests="2" failures="0" timestamp="3 Jul 2018 16:28:53 GMT" time="44.352" errors="0">
  <testcase name="changeSearchCriterion" time="23.500" classname="SauceLabsTests.SauceLabTests.GoogleSearch"/>
  <testcase name="searchGoogle" time="20.852" classname="SauceLabsTests.SauceLabTests.GoogleSearch"/>
</testsuite> <!-- SauceLabsTests.SauceLabTests.GoogleSearch -->
